2023.03.05 19:03:48 INFO  Started: Metals version 0.11.11 in workspace '/home/micls/Project/thesis_all' for client Visual Studio Code 1.75.1.[0m
SLF4J: No SLF4J providers were found.
SLF4J: Defaulting to no-operation (NOP) logger implementation
SLF4J: See https://www.slf4j.org/codes.html#noProviders for further details.
SLF4J: Class path contains SLF4J bindings targeting slf4j-api versions 1.7.x or earlier.
SLF4J: Ignoring binding found at [jar:file:/home/micls/.cache/coursier/v1/https/repo1.maven.org/maven2/com/outr/scribe-slf4j_2.13/3.11.0/scribe-slf4j_2.13-3.11.0.jar!/org/slf4j/impl/StaticLoggerBinder.class]
SLF4J: See https://www.slf4j.org/codes.html#ignoredBindings for an explanation.
2023.03.05 19:03:49 INFO  time: initialize in 0.83s[0m
2023.03.05 19:03:52 WARN  Build server is not auto-connectable.[0m
2023.03.05 19:03:52 WARN  no build tool detected in workspace '/home/micls/Project/thesis_all'. The most common cause for this problem is that the editor was opened in the wrong working directory, for example if you use sbt then the workspace directory should contain build.sbt. [0m
2023.03.05 19:03:52 WARN  no build target for: /home/micls/Project/thesis_all/03.Software/data-pipeline/build.sbt[0m
Mar 05, 2023 7:03:52 PM org.eclipse.lsp4j.jsonrpc.RemoteEndpoint handleCancellation
WARNING: Unmatched cancel notification for request id 1
Mar 05, 2023 7:03:52 PM org.eclipse.lsp4j.jsonrpc.RemoteEndpoint handleCancellation
WARNING: Unmatched cancel notification for request id 2
2023.03.05 19:04:05 INFO  no build target found for /home/micls/Project/thesis_all/03.Software/data-pipeline/build.sbt. Using presentation compiler with project's scala-library version: 3.2.2[0m
2023.03.05 19:04:07 INFO  time: code lens generation in 12s[0m
2023.03.05 19:04:19 WARN  no build target for: /home/micls/Project/thesis_all/03.Software/data-pipeline/natsioToPrometheus/src/main/scala/com/pec/nats/NatsClient.scala[0m
2023.03.05 19:04:21 WARN  no build target for: /home/micls/Project/thesis_all/03.Software/data-pipeline/natsioToPrometheus/src/main/scala/com/pec/natsio2prom/ServerApp.scala[0m
2023.03.05 19:11:52 WARN  no build target for: /home/micls/Project/thesis_all/03.Software/data-pipeline/natsioToPrometheus/src/main/scala/com/pec/natsio2prom/Pipe.scala[0m
2023.03.05 19:13:08 WARN  no build target for: /home/micls/Project/thesis_all/03.Software/data-pipeline/natsioToPrometheus/src/main/scala/com/pec/natsio2prom/Transformer.scala[0m
2023.03.05 19:13:09 WARN  no build target for: /home/micls/Project/thesis_all/03.Software/data-pipeline/natsioToPrometheus/src/main/scala/com/pec/natsio2prom/Pipe.scala[0m
2023.03.05 19:13:16 WARN  no build target for: /home/micls/Project/thesis_all/03.Software/data-pipeline/natsioToPrometheus/src/main/scala/com/pec/natsio2prom/ServerApp.scala[0m
2023.03.05 19:25:13 WARN  no build target for: /home/micls/Project/thesis_all/03.Software/data-pipeline/natsioToPrometheus/src/main/scala/com/pec/natsio2prom/config/EnvConfig.scala[0m
2023.03.05 19:25:14 WARN  no build target for: /home/micls/Project/thesis_all/03.Software/data-pipeline/natsioToPrometheus/src/main/scala/com/pec/natsio2prom/config/Config.scala[0m
2023.03.05 19:25:16 WARN  no build target for: /home/micls/Project/thesis_all/03.Software/data-pipeline/natsioToPrometheus/src/main/scala/com/pec/natsio2prom/config/EnvConfig.scala[0m
Mar 05, 2023 7:27:25 PM org.eclipse.lsp4j.jsonrpc.RemoteEndpoint handleCancellation
WARNING: Unmatched cancel notification for request id 464
2023.03.05 19:29:05 WARN  no build target for: /home/micls/Project/thesis_all/03.Software/data-pipeline/build.sbt[0m
2023.03.05 19:29:45 WARN  no build target for: /home/micls/Project/thesis_all/03.Software/data-pipeline/natsioToPrometheus/src/main/scala/com/pec/natsio2prom/RemoteWrite.scala[0m
2023.03.05 19:32:24 WARN  no build target for: /home/micls/Project/thesis_all/03.Software/data-pipeline/natsioToPrometheus/src/main/scala/com/pec/natsio2prom/Schedulers.scala[0m
2023.03.05 19:32:28 WARN  no build target for: /home/micls/Project/thesis_all/03.Software/data-pipeline/natsioToPrometheus/src/main/scala/com/pec/natsio2prom/VertxMonix.scala[0m
2023.03.06 09:01:10 INFO  Started: Metals version 0.11.11 in workspace '/home/micls/Project/thesis_all' for client Visual Studio Code 1.75.1.
SLF4J: No SLF4J providers were found.
SLF4J: Defaulting to no-operation (NOP) logger implementation
SLF4J: See https://www.slf4j.org/codes.html#noProviders for further details.
SLF4J: Class path contains SLF4J bindings targeting slf4j-api versions 1.7.x or earlier.
SLF4J: Ignoring binding found at [jar:file:/home/micls/.cache/coursier/v1/https/repo1.maven.org/maven2/com/outr/scribe-slf4j_2.13/3.11.0/scribe-slf4j_2.13-3.11.0.jar!/org/slf4j/impl/StaticLoggerBinder.class]
SLF4J: See https://www.slf4j.org/codes.html#ignoredBindings for an explanation.
2023.03.06 09:01:13 INFO  time: initialize in 3.6s
2023.03.06 09:01:16 WARN  Build server is not auto-connectable.
2023.03.06 09:01:16 WARN  no build tool detected in workspace '/home/micls/Project/thesis_all'. The most common cause for this problem is that the editor was opened in the wrong working directory, for example if you use sbt then the workspace directory should contain build.sbt. 
2023.03.06 09:01:16 WARN  no build target for: /home/micls/Project/thesis_all/03.Software/data-pipeline/natsioToPrometheus/src/main/scala/com/pec/natsio2prom/Transformer.scala
2023.03.06 09:01:24 INFO  no build target found for /home/micls/Project/thesis_all/03.Software/data-pipeline/natsioToPrometheus/src/main/scala/com/pec/natsio2prom/Transformer.scala. Using presentation compiler with project's scala-library version: 3.2.2
2023.03.06 09:01:37 INFO  time: code lens generation in 16s
Mar 06, 2023 3:51:55 PM org.eclipse.lsp4j.jsonrpc.RemoteEndpoint handleCancellation
WARNING: Unmatched cancel notification for request id 24
2023.03.06 15:52:42 INFO  Shutting down server
2023.03.06 15:52:42 INFO  shutting down Metals
2023.04.04 22:23:49 INFO  Started: Metals version 0.11.11 in workspace '/home/micls/Project/thesis_all' for client Visual Studio Code 1.76.2.[0m
SLF4J: No SLF4J providers were found.
SLF4J: Defaulting to no-operation (NOP) logger implementation
SLF4J: See https://www.slf4j.org/codes.html#noProviders for further details.
SLF4J: Class path contains SLF4J bindings targeting slf4j-api versions 1.7.x or earlier.
SLF4J: Ignoring binding found at [jar:file:/home/micls/.cache/coursier/v1/https/repo1.maven.org/maven2/com/outr/scribe-slf4j_2.13/3.11.0/scribe-slf4j_2.13-3.11.0.jar!/org/slf4j/impl/StaticLoggerBinder.class]
SLF4J: See https://www.slf4j.org/codes.html#ignoredBindings for an explanation.
2023.04.04 22:23:51 INFO  time: initialize in 2.6s[0m
2023.04.04 22:23:53 WARN  Build server is not auto-connectable.[0m
2023.04.04 22:23:53 WARN  no build tool detected in workspace '/home/micls/Project/thesis_all'. The most common cause for this problem is that the editor was opened in the wrong working directory, for example if you use sbt then the workspace directory should contain build.sbt. [0m
2023.04.04 22:23:53 WARN  no build target for: /home/micls/Project/thesis_all/03.Software/data-pipeline/natsioToPrometheus/src/main/scala/com/pec/natsio2prom/Transformer.scala[0m
2023.04.04 22:24:12 INFO  no build target found for /home/micls/Project/thesis_all/03.Software/data-pipeline/natsioToPrometheus/src/main/scala/com/pec/natsio2prom/Transformer.scala. Using presentation compiler with project's scala-library version: 3.2.2[0m
2023.04.04 22:27:30 INFO  Shutting down server[0m
2023.04.04 22:27:30 INFO  shutting down Metals[0m
2023.04.04 22:27:31 INFO  Exiting server[0m
